


ARM Macro Assembler    Page 1 


    1 00000000         ; TITLE   : Assignment Solution : Q.3
    2 00000000         ; NAME   : ASHUTOSH RAJENDRA KARVE
    3 00000000         ; BITS_ID  : 2024ht01021
    4 00000000         ; DATE   : 08/09/2024
    5 00000000         ; PLACE   : PUNE
    6 00000000         
    7 00000000                 AREA             RESET, CODE, READONLY
    8 00000000                 EXPORT           __Vectors
    9 00000000         __Vectors
   10 00000000 20001000 
              00000001 
              00000000 
              00000000 
              00000000 
              00000000 
              00000000 
              00000000 
              00000000 
              00000000 
              00000000 
              00000001 
              00000000 
              00000000 
              00000000 
              00000000 
              00000000 
              00000000 
              00000000 
              00000000 
              00000000 
              00000000 
              00000000         DCD              0x20001000, Reset_Handler+1,0,0
,0,0,0,0,0,0,0,SVC_handler+1,0,0,0,0,0,0,0,0,0,0,0
   11 0000005C         
   12 0000005C                 AREA             mycode,CODE, READONLY
   13 00000000                 ENTRY
   14 00000000                 EXPORT           Reset_Handler
   15 00000000         
   16 00000000         Reset_Handler
   17 00000000 4913            LDR              R1,=0x20000200
   18 00000002 F381 8809       MSR              PSP,R1
   19 00000006         
   20 00000006 F04F 0003       MOV              R0, #3
   21 0000000A F380 8814       MSR              CONTROL, R0
   22 0000000E         
   23 0000000E 4F11            LDR              R7,=SRC
   24 00000010 F857 1B04       LDR              R1,[R7],#4
   25 00000014 683A            LDR              R2,[R7]
   26 00000016 F8DF 8040       LDR              R8,=DST     ; Address to store 
                                                            the result
   27 0000001A DF15            SVC              21          ; svc number is 21 
                                                            as last 2 digit of 
                                                            BITS ID (01021)
   28 0000001C E7FE    STOP    B                STOP
   29 0000001E         
   30 0000001E         SVC_handler
   31 0000001E B500            PUSH             {lr}        ; Save the link reg
                                                            ister
   32 00000020 F3EF 8314       MRS              R3, CONTROL ; Get current contr



ARM Macro Assembler    Page 2 


                                                            ol value
   33 00000024 2B03            CMP              R3, #3      ; Check if it's in 
                                                            unprivileged mode
   34 00000026 D0FF            BEQ              handle_svc
   35 00000028         
   36 00000028         handle_svc
   37 00000028 6838            LDR              R0, [R7]    ; Load first parame
                                                            ter into R0
   38 0000002A 6879            LDR              R1, [R7, #4] ; Load second para
                                                            meter into R1
   39 0000002C         
   40 0000002C F81E 2C02       LDRB             R2, [lr, #-2] ; Load the SVC nu
                                                            mber from the instr
                                                            uction
   41 00000030 2A15            CMP              R2, #21     ; Check if SVC numb
                                                            er matches 21
   42 00000032 D004            BEQ              add_params  ; If match, perform
                                                             addition
   43 00000034         
   44 00000034         subtract_params
   45 00000034 EBA0 0001       SUB              R0, R0, R1  ; If not, subtract 
                                                            parameters
   46 00000038 F8C8 0000       STR              R0, [R8]    ; Store the result 
                                                            in DST
   47 0000003C E002            B                return_from_svc
   48 0000003E         
   49 0000003E         add_params
   50 0000003E 4408            ADD              R0, R0, R1  ; Add the parameter
                                                            s
   51 00000040 F8C8 0000       STR              R0, [R8]    ; Store the result 
                                                            in DST
   52 00000044         
   53 00000044         return_from_svc
   54 00000044 BD00            POP              {pc}        ; Return from the h
                                                            andler
   55 00000046         
   56 00000046 00 00 000003FD 
              000003FD SRC     DCD              1021, 1021
   57 00000050         
   58 00000050 20000200 
              00000000 
              00000000         AREA             RESS, DATA, READWRITE
   59 00000000 00000000 
              00000000 DST     DCD              0, 0
   60 00000008                 END
Command Line: --debug --xref --diag_suppress=9931 --cpu=Cortex-M4.fp --apcs=int
erwork --depend=.\objects\svccompare.d -o.\objects\svccompare.o -I.\RTE\_Target
_1 -IC:\Keil_v5\ARM\PACK\Keil\STM32F4xx_DFP\2.17.1\Drivers\CMSIS\Device\ST\STM3
2F4xx\Include -IC:\Keil_v5\ARM\CMSIS\Include --predefine="__EVAL SETA 1" --pred
efine="__UVISION_VERSION SETA 526" --predefine="STM32F407xx SETA 1" --list=.\li
stings\svccompare.lst SVCcompare.s



ARM Macro Assembler    Page 1 Alphabetic symbol ordering
Relocatable symbols

RESET 00000000

Symbol: RESET
   Definitions
      At line 7 in file SVCcompare.s
   Uses
      None
Comment: RESET unused
__Vectors 00000000

Symbol: __Vectors
   Definitions
      At line 9 in file SVCcompare.s
   Uses
      At line 8 in file SVCcompare.s
Comment: __Vectors used once
2 symbols



ARM Macro Assembler    Page 1 Alphabetic symbol ordering
Relocatable symbols

Reset_Handler 00000000

Symbol: Reset_Handler
   Definitions
      At line 16 in file SVCcompare.s
   Uses
      At line 10 in file SVCcompare.s
      At line 14 in file SVCcompare.s

SRC 00000048

Symbol: SRC
   Definitions
      At line 56 in file SVCcompare.s
   Uses
      At line 23 in file SVCcompare.s
Comment: SRC used once
STOP 0000001C

Symbol: STOP
   Definitions
      At line 28 in file SVCcompare.s
   Uses
      At line 28 in file SVCcompare.s
Comment: STOP used once
SVC_handler 0000001E

Symbol: SVC_handler
   Definitions
      At line 30 in file SVCcompare.s
   Uses
      At line 10 in file SVCcompare.s
Comment: SVC_handler used once
add_params 0000003E

Symbol: add_params
   Definitions
      At line 49 in file SVCcompare.s
   Uses
      At line 42 in file SVCcompare.s
Comment: add_params used once
handle_svc 00000028

Symbol: handle_svc
   Definitions
      At line 36 in file SVCcompare.s
   Uses
      At line 34 in file SVCcompare.s
Comment: handle_svc used once
mycode 00000000

Symbol: mycode
   Definitions
      At line 12 in file SVCcompare.s
   Uses
      None
Comment: mycode unused
return_from_svc 00000044




ARM Macro Assembler    Page 2 Alphabetic symbol ordering
Relocatable symbols

Symbol: return_from_svc
   Definitions
      At line 53 in file SVCcompare.s
   Uses
      At line 47 in file SVCcompare.s
Comment: return_from_svc used once
subtract_params 00000034

Symbol: subtract_params
   Definitions
      At line 44 in file SVCcompare.s
   Uses
      None
Comment: subtract_params unused
9 symbols



ARM Macro Assembler    Page 1 Alphabetic symbol ordering
Relocatable symbols

DST 00000000

Symbol: DST
   Definitions
      At line 59 in file SVCcompare.s
   Uses
      At line 26 in file SVCcompare.s
Comment: DST used once
RESS 00000000

Symbol: RESS
   Definitions
      At line 58 in file SVCcompare.s
   Uses
      None
Comment: RESS unused
2 symbols
349 symbols in table
