


ARM Macro Assembler    Page 1 


    1 00000000         ; TITLE      : Assignment 1 count the number of 0’s and 
                       1’s in the last 5 digits of your BITS ID 
    2 00000000         ; NAME       : ASHUTOSH RAJENDRA KARVE
    3 00000000         ; BITS-ID    : 2024ht01021
    4 00000000         ; DATE       : 07/09/2024
    5 00000000         ; PLACE      : PUNE
    6 00000000         
    7 00000000                 AREA             RESET, CODE, READONLY
    8 00000000                 ENTRY
    9 00000000         
   10 00000000         START
   11 00000000 E59F4048        LDR              R4, =SRC    ; Load the address 
                                                            of the BITS ID (010
                                                            21)
   12 00000004 E5945000        LDR              R5, [R4]    ; Load the value (0
                                                            1021) into R5
   13 00000008 E59F6044        LDR              R6, =DST    ; Load the address 
                                                            of DST to store res
                                                            ults
   14 0000000C EB000000        BL               SUB1        ; Call the SUB1 fun
                                                            ction to count 0's 
                                                            and 1's
   15 00000010 EAFFFFFE 
                       STOP    B                STOP
   16 00000014         
   17 00000014 E3A00000 
                       SUB1    MOV              R0, #0      ; Initialize R0 to 
                                                            store the count of 
                                                            0's
   18 00000018 E3A01000        MOV              R1, #0      ; Initialize R1 to 
                                                            store the count of 
                                                            1's
   19 0000001C E3A0300A        MOV              R3, #10     ; Set loop counter 
                                                            for 10 bits (last 5
                                                             digits of the BITS
                                                             ID)
   20 00000020         
   21 00000020         LOOP
   22 00000020 E3150001        TST              R5, #1      ; Test if the least
                                                             significant bit is
                                                             1
   23 00000024 0A000001        BEQ              COUNT_ZERO  ; If the bit is 0, 
                                                            branch to COUNT_ZER
                                                            O
   24 00000028 E2811001        ADD              R1, R1, #1  ; Increment R1 (cou
                                                            nt of 1's)
   25 0000002C EA000000        B                NEXT_BIT    ; Jump to NEXT_BIT
   26 00000030         
   27 00000030         COUNT_ZERO
   28 00000030 E2800001        ADD              R0, R0, #1  ; Increment R0 (cou
                                                            nt of 0's)
   29 00000034         
   30 00000034         NEXT_BIT
   31 00000034 E1A050A5        LSR              R5, R5, #1  ; Logical shift rig
                                                            ht to check the nex
                                                            t bit
   32 00000038 E2533001        SUBS             R3, R3, #1  ; Decrement the bit
                                                             counter
   33 0000003C 1AFFFFF7        BNE              LOOP        ; If R3 is not zero



ARM Macro Assembler    Page 2 


                                                            , repeat the loop
   34 00000040         
   35 00000040 E5860000        STR              R0, [R6]    ; Store the count o
                                                            f 0's in DST[0]
   36 00000044 E5861004        STR              R1, [R6, #4] ; Store the count 
                                                            of 1's in DST[1]
   37 00000048         
   38 00000048 E12FFF1E        BX               LR          ; Return from the f
                                                            unction
   39 0000004C         
   40 0000004C 000003FD 
                       SRC     DCD              1021        ; Define the BITS I
                                                            D value (01021) in 
                                                            decimal
   41 00000050 00000000 
              00000000         AREA             RESULT, DATA, READWRITE
   42 00000000 00000000 
              00000000 DST     DCD              0,0
   43 00000008                 END
Command Line: --debug --xref --diag_suppress=9931 --apcs=interwork --depend=.\o
bjects\dectobinary.d -o.\objects\dectobinary.o -IC:\Keil_v5\ARM\RV31\INC -IC:\K
eil_v5\ARM\CMSIS\Include -IC:\Keil_v5\ARM\INC\Philips --predefine="__EVAL SETA 
1" --predefine="__UVISION_VERSION SETA 526" --list=.\listings\dectobinary.lst D
ecToBinary.s



ARM Macro Assembler    Page 1 Alphabetic symbol ordering
Relocatable symbols

COUNT_ZERO 00000030

Symbol: COUNT_ZERO
   Definitions
      At line 27 in file DecToBinary.s
   Uses
      At line 23 in file DecToBinary.s
Comment: COUNT_ZERO used once
LOOP 00000020

Symbol: LOOP
   Definitions
      At line 21 in file DecToBinary.s
   Uses
      At line 33 in file DecToBinary.s
Comment: LOOP used once
NEXT_BIT 00000034

Symbol: NEXT_BIT
   Definitions
      At line 30 in file DecToBinary.s
   Uses
      At line 25 in file DecToBinary.s
Comment: NEXT_BIT used once
RESET 00000000

Symbol: RESET
   Definitions
      At line 7 in file DecToBinary.s
   Uses
      None
Comment: RESET unused
SRC 0000004C

Symbol: SRC
   Definitions
      At line 40 in file DecToBinary.s
   Uses
      At line 11 in file DecToBinary.s
Comment: SRC used once
START 00000000

Symbol: START
   Definitions
      At line 10 in file DecToBinary.s
   Uses
      None
Comment: START unused
STOP 00000010

Symbol: STOP
   Definitions
      At line 15 in file DecToBinary.s
   Uses
      At line 15 in file DecToBinary.s
Comment: STOP used once
SUB1 00000014

Symbol: SUB1



ARM Macro Assembler    Page 2 Alphabetic symbol ordering
Relocatable symbols

   Definitions
      At line 17 in file DecToBinary.s
   Uses
      At line 14 in file DecToBinary.s
Comment: SUB1 used once
8 symbols



ARM Macro Assembler    Page 1 Alphabetic symbol ordering
Relocatable symbols

DST 00000000

Symbol: DST
   Definitions
      At line 42 in file DecToBinary.s
   Uses
      At line 13 in file DecToBinary.s
Comment: DST used once
RESULT 00000000

Symbol: RESULT
   Definitions
      At line 41 in file DecToBinary.s
   Uses
      None
Comment: RESULT unused
2 symbols
344 symbols in table
