


ARM Macro Assembler    Page 1 


    1 00000000         ; Title : Addition of 5 Numbers
    2 00000000         ; Name  : Ashutosh Rajendra Karve
    3 00000000         ; ID : 2024ht01021
    4 00000000         
    5 00000000                 AREA             RESET, CODE, READONLY
    6 00000000                 EXPORT           __Vectors
    7 00000000         __Vectors
    8 00000000 20001000        DCD              0x20001000  ; Stack Pointer val
                                                            ue when stack is em
                                                            pty
    9 00000004 00000001        DCD              Reset_Handler+1 ; reset vector
   10 00000008         
   11 00000008                 AREA             mycode, CODE, READONLY
   12 00000000                 ENTRY
   13 00000000                 EXPORT           Reset_Handler
   14 00000000         Reset_Handler
   15 00000000 F04F 0000       MOV              R0,#0       ; Sum = 0;
   16 00000004 F04F 0104       MOV              R1,#4       ; Number of element
                                                            s - 1
   17 00000008 A203            ADR              R2, ARRAY_A ; Start of Array
   18 0000000A         LOOP
   19 0000000A F852 3021       LDR              R3,[R2,R1,LSL #2] ; Load value 
                                                            from memory
   20 0000000E 4418            ADD              R0,R3,R0    ; sum+=a[i]
   21 00000010 1E49            SUBS             R1,R1,#1    ; i=i-1
   22 00000012 DAFA            BGE              LOOP        ; loop only if i > 
                                                            0
   23 00000014 E7FE    STOP    B                STOP
   24 00000016         
   25 00000016 00 00 00000001 
              00000002 
              00000003 
              00000004 
              00000005 ARRAY_A DCD              1,2,3,4,5
   26 0000002C                 END
Command Line: --debug --xref --diag_suppress=9931 --cpu=Cortex-M4.fp --apcs=int
erwork --depend=.\objects\add5nos.d -o.\objects\add5nos.o -I.\RTE\_Target_1 -IC
:\Keil_v5\ARM\PACK\Keil\STM32F4xx_DFP\2.17.1\Drivers\CMSIS\Device\ST\STM32F4xx\
Include -IC:\Keil_v5\ARM\CMSIS\Include --predefine="__EVAL SETA 1" --predefine=
"__UVISION_VERSION SETA 526" --predefine="STM32F407xx SETA 1" --list=.\listings
\add5nos.lst add5nos.s



ARM Macro Assembler    Page 1 Alphabetic symbol ordering
Relocatable symbols

RESET 00000000

Symbol: RESET
   Definitions
      At line 5 in file add5nos.s
   Uses
      None
Comment: RESET unused
__Vectors 00000000

Symbol: __Vectors
   Definitions
      At line 7 in file add5nos.s
   Uses
      At line 6 in file add5nos.s
Comment: __Vectors used once
2 symbols



ARM Macro Assembler    Page 1 Alphabetic symbol ordering
Relocatable symbols

ARRAY_A 00000018

Symbol: ARRAY_A
   Definitions
      At line 25 in file add5nos.s
   Uses
      At line 17 in file add5nos.s
Comment: ARRAY_A used once
LOOP 0000000A

Symbol: LOOP
   Definitions
      At line 18 in file add5nos.s
   Uses
      At line 22 in file add5nos.s
Comment: LOOP used once
Reset_Handler 00000000

Symbol: Reset_Handler
   Definitions
      At line 14 in file add5nos.s
   Uses
      At line 9 in file add5nos.s
      At line 13 in file add5nos.s

STOP 00000014

Symbol: STOP
   Definitions
      At line 23 in file add5nos.s
   Uses
      At line 23 in file add5nos.s
Comment: STOP used once
mycode 00000000

Symbol: mycode
   Definitions
      At line 11 in file add5nos.s
   Uses
      None
Comment: mycode unused
5 symbols
341 symbols in table
